<?xml version="1.0" encoding="UTF-8"?>
<!-- Generated by org.testng.reporters.JUnitReportReporter -->
<testsuite hostname="MSI2" failures="0" tests="1" name="Module1_Login_Test.SwagLabLoginTest" time="7.377" errors="0" timestamp="2024-11-21T16:38:11 IST" skipped="0">
  <testcase classname="Module1_Login_Test.SwagLabLoginTest" name="verifyLogo" time="7.377"/>
</testsuite> <!-- Module1_Login_Test.SwagLabLoginTest -->
